<?xml version="1.0" encoding="UTF-8"?>
<!-- Generated by org.testng.reporters.JUnitReportReporter -->
<testsuite hostname="DESKTOP-02413D4" failures="0" tests="1" name="com.montran.Testcases.LoginfunctionalityTestCases" time="5.566" errors="0" timestamp="2020-12-19T11:22:51 IST" skipped="0">
  <testcase classname="com.montran.Testcases.LoginfunctionalityTestCases" name="TestLoginValidCredentials" time="5.566"/>
  <system-out/>
</testsuite> <!-- com.montran.Testcases.LoginfunctionalityTestCases -->
