<?xml version="1.0" encoding="UTF-8"?>
<!-- Generated by org.testng.reporters.JUnitReportReporter -->
<testsuite hostname="DESKTOP-02413D4" failures="0" tests="1" name="TestingTestCaseProjectFinalT.TestCasePrjFinal.AppTest" time="0.006" errors="0" timestamp="2020-12-19T10:51:25 IST" skipped="0">
  <testcase classname="TestingTestCaseProjectFinalT.TestCasePrjFinal.AppTest" name="shouldAnswerWithTrue" time="0.006"/>
  <system-out/>
</testsuite> <!-- TestingTestCaseProjectFinalT.TestCasePrjFinal.AppTest -->
